<?xml version="1.0" encoding="UTF-8"?>
<!-- Generated by org.testng.reporters.JUnitXMLReporter -->
<testsuite ignored="0" hostname="DELL-PC" failures="0" tests="7" name="Default test" time="46.573" errors="0" timestamp="2020-09-29T17:24:36 IST">
  <testcase classname="com.demowebpage.testcases.TC_001_WEBSHOPDEMO" name="Login" time="7.108"/>
  <testcase classname="com.demowebpage.testcases.TC_001_WEBSHOPDEMO" name="submit" time="2.365"/>
  <testcase classname="com.demowebpage.testcases.TC_001_WEBSHOPDEMO" name="BooksLink" time="7.839"/>
  <testcase classname="com.demowebpage.testcases.TC_001_WEBSHOPDEMO" name="clickableshopcart" time="10.466"/>
  <testcase classname="com.demowebpage.testcases.TC_001_WEBSHOPDEMO" name="billing" time="6.244"/>
  <testcase classname="com.demowebpage.testcases.TC_001_WEBSHOPDEMO" name="shippingfinal" time="10.476"/>
  <testcase classname="com.demowebpage.testcases.TC_001_WEBSHOPDEMO" name="Logout" time="1.95"/>
</testsuite> <!-- Default test -->
