<?xml version="1.0" encoding="UTF-8"?>
<testng-results ignored="0" total="7" passed="7" failed="0" skipped="0">
  <reporter-output>
  </reporter-output>
  <suite started-at="2020-09-29T17:23:49 IST" name="Default suite" finished-at="2020-09-29T17:24:36 IST" duration-ms="46573">
    <groups>
    </groups>
    <test started-at="2020-09-29T17:23:49 IST" name="Default test" finished-at="2020-09-29T17:24:36 IST" duration-ms="46573">
      <class name="com.demowebpage.testcases.TC_001_WEBSHOPDEMO">
        <test-method is-config="true" signature="setup()[pri:0, instance:com.demowebpage.testcases.TC_001_WEBSHOPDEMO@13c9d689]" started-at="2020-09-29T17:23:43 IST" name="setup" finished-at="2020-09-29T17:23:49 IST" duration-ms="6416" status="PASS">
          <reporter-output>
          </reporter-output>
        </test-method> <!-- setup -->
        <test-method signature="Login()[pri:1, instance:com.demowebpage.testcases.TC_001_WEBSHOPDEMO@13c9d689]" started-at="2020-09-29T17:23:49 IST" name="Login" finished-at="2020-09-29T17:23:56 IST" duration-ms="7108" status="PASS">
          <reporter-output>
          </reporter-output>
        </test-method> <!-- Login -->
        <test-method signature="submit()[pri:2, instance:com.demowebpage.testcases.TC_001_WEBSHOPDEMO@13c9d689]" started-at="2020-09-29T17:23:56 IST" name="submit" finished-at="2020-09-29T17:23:59 IST" depends-on-methods="com.demowebpage.testcases.TC_001_WEBSHOPDEMO.Login" duration-ms="2365" status="PASS">
          <reporter-output>
          </reporter-output>
        </test-method> <!-- submit -->
        <test-method signature="BooksLink()[pri:3, instance:com.demowebpage.testcases.TC_001_WEBSHOPDEMO@13c9d689]" started-at="2020-09-29T17:23:59 IST" name="BooksLink" finished-at="2020-09-29T17:24:07 IST" depends-on-methods="com.demowebpage.testcases.TC_001_WEBSHOPDEMO.submit" duration-ms="7839" status="PASS">
          <reporter-output>
          </reporter-output>
        </test-method> <!-- BooksLink -->
        <test-method signature="clickableshopcart()[pri:4, instance:com.demowebpage.testcases.TC_001_WEBSHOPDEMO@13c9d689]" started-at="2020-09-29T17:24:07 IST" name="clickableshopcart" finished-at="2020-09-29T17:24:17 IST" depends-on-methods="com.demowebpage.testcases.TC_001_WEBSHOPDEMO.BooksLink" duration-ms="10466" status="PASS">
          <reporter-output>
          </reporter-output>
        </test-method> <!-- clickableshopcart -->
        <test-method signature="billing()[pri:5, instance:com.demowebpage.testcases.TC_001_WEBSHOPDEMO@13c9d689]" started-at="2020-09-29T17:24:17 IST" name="billing" finished-at="2020-09-29T17:24:23 IST" depends-on-methods="com.demowebpage.testcases.TC_001_WEBSHOPDEMO.clickableshopcart" duration-ms="6244" status="PASS">
          <reporter-output>
          </reporter-output>
        </test-method> <!-- billing -->
        <test-method signature="shippingfinal()[pri:6, instance:com.demowebpage.testcases.TC_001_WEBSHOPDEMO@13c9d689]" started-at="2020-09-29T17:24:23 IST" name="shippingfinal" finished-at="2020-09-29T17:24:34 IST" depends-on-methods="com.demowebpage.testcases.TC_001_WEBSHOPDEMO.billing" duration-ms="10476" status="PASS">
          <reporter-output>
          </reporter-output>
        </test-method> <!-- shippingfinal -->
        <test-method signature="Logout()[pri:7, instance:com.demowebpage.testcases.TC_001_WEBSHOPDEMO@13c9d689]" started-at="2020-09-29T17:24:34 IST" name="Logout" finished-at="2020-09-29T17:24:36 IST" depends-on-methods="com.demowebpage.testcases.TC_001_WEBSHOPDEMO.shippingfinal" duration-ms="1950" status="PASS">
          <reporter-output>
          </reporter-output>
        </test-method> <!-- Logout -->
        <test-method is-config="true" signature="teardown()[pri:0, instance:com.demowebpage.testcases.TC_001_WEBSHOPDEMO@13c9d689]" started-at="2020-09-29T17:24:36 IST" name="teardown" finished-at="2020-09-29T17:24:38 IST" duration-ms="2133" status="PASS">
          <reporter-output>
          </reporter-output>
        </test-method> <!-- teardown -->
      </class> <!-- com.demowebpage.testcases.TC_001_WEBSHOPDEMO -->
    </test> <!-- Default test -->
  </suite> <!-- Default suite -->
</testng-results>
